<?xml version="1.0" encoding="UTF-8"?>
<!-- Generated by org.testng.reporters.JUnitXMLReporter -->
<testsuite ignored="2" hostname="Dell" failures="0" tests="4" name="Test" time="0.075" errors="0" timestamp="2025-01-08T12:49:12 IST">
  <testcase classname="TestNGproject.grouping" name="testcase1" time="0.017"/>
  <testcase classname="TestNGproject.grouping" name="testcase2" time="0.002"/>
  <testcase classname="TestNGproject.grouping" name="testcase3" time="0.002"/>
  <testcase classname="TestNGproject.grouping" name="testcase6" time="0.002"/>
  <testcase classname="TestNGproject.grouping" name="testcase4" time="0.0">
    <ignored/>
  </testcase> <!-- testcase4 -->
  <testcase classname="TestNGproject.grouping" name="testcase5" time="0.0">
    <ignored/>
  </testcase> <!-- testcase5 -->
</testsuite> <!-- Test -->
